{"timestamp":"2025-07-10T22:59:03.698749","level":"INFO","category":"system","module":"logger","function":"log","line":138,"message":"正在初始化数据库..."}
{"timestamp":"2025-07-10T22:59:03.698742","level":"INFO","category":"system","module":"logger","function":"log","line":138,"message":"正在初始化数据库..."}
{"timestamp":"2025-07-10T22:59:03.712358","level":"INFO","category":"system","module":"logger","function":"log","line":138,"message":"正在启动可扩展定时任务..."}
{"timestamp":"2025-07-10T22:59:03.712361","level":"INFO","category":"system","module":"logger","function":"log","line":138,"message":"正在启动可扩展定时任务..."}
{"timestamp":"2025-07-10T22:59:03.730134","level":"INFO","category":"system","module":"logger","function":"log","line":138,"message":"应用启动完成"}
{"timestamp":"2025-07-10T22:59:03.730208","level":"INFO","category":"system","module":"logger","function":"log","line":138,"message":"应用启动完成"}
{"timestamp":"2025-07-10T23:06:40.945705","level":"INFO","category":"system","module":"logger","function":"log","line":138,"message":"正在停止定时任务..."}
{"timestamp":"2025-07-10T23:06:40.947974","level":"INFO","category":"system","module":"logger","function":"log","line":138,"message":"应用正在关闭..."}
{"timestamp":"2025-07-10T23:06:41.012438","level":"INFO","category":"system","module":"logger","function":"log","line":138,"message":"正在停止定时任务..."}
{"timestamp":"2025-07-10T23:06:41.013463","level":"INFO","category":"system","module":"logger","function":"log","line":138,"message":"应用正在关闭..."}
{"timestamp":"2025-07-10T23:06:48.552922","level":"INFO","category":"system","module":"logger","function":"log","line":138,"message":"正在初始化数据库..."}
{"timestamp":"2025-07-10T23:06:48.552974","level":"INFO","category":"system","module":"logger","function":"log","line":138,"message":"正在初始化数据库..."}
{"timestamp":"2025-07-10T23:06:48.565271","level":"INFO","category":"system","module":"logger","function":"log","line":138,"message":"正在启动可扩展定时任务..."}
{"timestamp":"2025-07-10T23:06:48.565278","level":"INFO","category":"system","module":"logger","function":"log","line":138,"message":"正在启动可扩展定时任务..."}
{"timestamp":"2025-07-10T23:06:48.571010","level":"INFO","category":"system","module":"logger","function":"log","line":138,"message":"应用启动完成"}
{"timestamp":"2025-07-10T23:06:48.571009","level":"INFO","category":"system","module":"logger","function":"log","line":138,"message":"应用启动完成"}
{"timestamp":"2025-07-10T23:09:16.938915","level":"INFO","category":"system","module":"logger","function":"log","line":138,"message":"调用函数: wise_api_service.get_config","args_count":1,"first_arg":"<app.services.wise_api_service.WiseAPIService object at 0x132464250>","start_time":1752160156.938772}
{"timestamp":"2025-07-10T23:09:16.939422","level":"INFO","category":"system","module":"logger","function":"log","line":138,"message":"函数执行成功: wise_api_service.get_config","args_count":1,"first_arg":"<app.services.wise_api_service.WiseAPIService object at 0x132464250>","start_time":1752160156.938772,"execution_time":0.00061798095703125,"status":"success"}
{"timestamp":"2025-07-10T23:09:16.944872","level":"INFO","category":"system","module":"logger","function":"log","line":138,"message":"调用函数: wise_api_service.test_connection","args_count":1,"first_arg":"<app.services.wise_api_service.WiseAPIService object at 0x12f658710>","start_time":1752160156.94461}
{"timestamp":"2025-07-10T23:09:16.945876","level":"INFO","category":"system","module":"logger","function":"log","line":138,"message":"函数执行成功: wise_api_service.test_connection","args_count":1,"first_arg":"<app.services.wise_api_service.WiseAPIService object at 0x12f658710>","start_time":1752160156.94461,"execution_time":0.001260995864868164,"status":"success"}
{"timestamp":"2025-07-10T23:09:16.953207","level":"INFO","category":"system","module":"logger","function":"log","line":138,"message":"调用函数: wise_api_service.get_config","args_count":1,"first_arg":"<app.services.wise_api_service.WiseAPIService object at 0x132464250>","start_time":1752160156.953192}
{"timestamp":"2025-07-10T23:09:16.953378","level":"INFO","category":"system","module":"logger","function":"log","line":138,"message":"函数执行成功: wise_api_service.get_config","args_count":1,"first_arg":"<app.services.wise_api_service.WiseAPIService object at 0x132464250>","start_time":1752160156.953192,"execution_time":0.00018095970153808594,"status":"success"}
{"timestamp":"2025-07-10T23:09:16.955216","level":"INFO","category":"system","module":"logger","function":"log","line":138,"message":"调用函数: wise_api_service.test_connection","args_count":1,"first_arg":"<app.services.wise_api_service.WiseAPIService object at 0x12f658710>","start_time":1752160156.955203}
{"timestamp":"2025-07-10T23:09:16.955406","level":"INFO","category":"system","module":"logger","function":"log","line":138,"message":"函数执行成功: wise_api_service.test_connection","args_count":1,"first_arg":"<app.services.wise_api_service.WiseAPIService object at 0x12f658710>","start_time":1752160156.955203,"execution_time":0.00019884109497070312,"status":"success"}
{"timestamp":"2025-07-10T23:09:16.957215","level":"INFO","category":"system","module":"logger","function":"log","line":138,"message":"调用函数: wise_api_service.get_config","args_count":1,"first_arg":"<app.services.wise_api_service.WiseAPIService object at 0x132464250>","start_time":1752160156.957205}
{"timestamp":"2025-07-10T23:09:16.957254","level":"INFO","category":"system","module":"logger","function":"log","line":138,"message":"函数执行成功: wise_api_service.get_config","args_count":1,"first_arg":"<app.services.wise_api_service.WiseAPIService object at 0x132464250>","start_time":1752160156.957205,"execution_time":4.506111145019531e-05,"status":"success"}
{"timestamp":"2025-07-10T23:09:16.961386","level":"INFO","category":"system","module":"logger","function":"log","line":138,"message":"调用函数: wise_api_service.get_config","args_count":1,"first_arg":"<app.services.wise_api_service.WiseAPIService object at 0x12f658710>","start_time":1752160156.961357}
{"timestamp":"2025-07-10T23:09:16.961479","level":"INFO","category":"system","module":"logger","function":"log","line":138,"message":"函数执行成功: wise_api_service.get_config","args_count":1,"first_arg":"<app.services.wise_api_service.WiseAPIService object at 0x12f658710>","start_time":1752160156.961357,"execution_time":0.00011682510375976562,"status":"success"}
{"timestamp":"2025-07-10T23:09:16.975987","level":"INFO","category":"system","module":"logger","function":"log","line":138,"message":"调用函数: wise_api_service.test_connection","args_count":1,"first_arg":"<app.services.wise_api_service.WiseAPIService object at 0x132464250>","start_time":1752160156.9759638}
{"timestamp":"2025-07-10T23:09:16.976268","level":"INFO","category":"system","module":"logger","function":"log","line":138,"message":"函数执行成功: wise_api_service.test_connection","args_count":1,"first_arg":"<app.services.wise_api_service.WiseAPIService object at 0x132464250>","start_time":1752160156.9759638,"execution_time":0.0003001689910888672,"status":"success"}
{"timestamp":"2025-07-10T23:09:16.990732","level":"INFO","category":"system","module":"logger","function":"log","line":138,"message":"调用函数: wise_api_service.test_connection","args_count":1,"first_arg":"<app.services.wise_api_service.WiseAPIService object at 0x12f658710>","start_time":1752160156.99069}
{"timestamp":"2025-07-10T23:09:16.991117","level":"INFO","category":"system","module":"logger","function":"log","line":138,"message":"函数执行成功: wise_api_service.test_connection","args_count":1,"first_arg":"<app.services.wise_api_service.WiseAPIService object at 0x12f658710>","start_time":1752160156.99069,"execution_time":0.0004229545593261719,"status":"success"}
{"timestamp":"2025-07-10T23:11:07.993803","level":"INFO","category":"system","module":"logger","function":"log","line":138,"message":"正在停止定时任务..."}
{"timestamp":"2025-07-10T23:11:07.995200","level":"INFO","category":"system","module":"logger","function":"log","line":138,"message":"应用正在关闭..."}
{"timestamp":"2025-07-10T23:11:08.492662","level":"INFO","category":"system","module":"logger","function":"log","line":138,"message":"正在停止定时任务..."}
{"timestamp":"2025-07-10T23:11:08.494113","level":"INFO","category":"system","module":"logger","function":"log","line":138,"message":"应用正在关闭..."}
{"timestamp":"2025-07-10T23:11:16.689016","level":"INFO","category":"system","module":"logger","function":"log","line":138,"message":"正在初始化数据库..."}
{"timestamp":"2025-07-10T23:11:16.689107","level":"INFO","category":"system","module":"logger","function":"log","line":138,"message":"正在初始化数据库..."}
{"timestamp":"2025-07-10T23:11:16.702828","level":"INFO","category":"system","module":"logger","function":"log","line":138,"message":"正在启动可扩展定时任务..."}
{"timestamp":"2025-07-10T23:11:16.702847","level":"INFO","category":"system","module":"logger","function":"log","line":138,"message":"正在启动可扩展定时任务..."}
{"timestamp":"2025-07-10T23:11:16.723084","level":"INFO","category":"system","module":"logger","function":"log","line":138,"message":"应用启动完成"}
{"timestamp":"2025-07-10T23:11:16.723209","level":"INFO","category":"system","module":"logger","function":"log","line":138,"message":"应用启动完成"}
{"timestamp":"2025-07-10T23:13:44.205864","level":"INFO","category":"system","module":"logger","function":"log","line":138,"message":"正在停止定时任务..."}
{"timestamp":"2025-07-10T23:13:44.208001","level":"INFO","category":"system","module":"logger","function":"log","line":138,"message":"应用正在关闭..."}
{"timestamp":"2025-07-10T23:13:44.212198","level":"INFO","category":"system","module":"logger","function":"log","line":138,"message":"正在停止定时任务..."}
{"timestamp":"2025-07-10T23:13:44.213561","level":"INFO","category":"system","module":"logger","function":"log","line":138,"message":"应用正在关闭..."}
{"timestamp":"2025-07-10T23:13:50.181998","level":"INFO","category":"system","module":"logger","function":"log","line":138,"message":"正在初始化数据库..."}
{"timestamp":"2025-07-10T23:13:50.182004","level":"INFO","category":"system","module":"logger","function":"log","line":138,"message":"正在初始化数据库..."}
{"timestamp":"2025-07-10T23:13:50.194099","level":"INFO","category":"system","module":"logger","function":"log","line":138,"message":"正在启动可扩展定时任务..."}
{"timestamp":"2025-07-10T23:13:50.194251","level":"INFO","category":"system","module":"logger","function":"log","line":138,"message":"正在启动可扩展定时任务..."}
{"timestamp":"2025-07-10T23:13:50.199967","level":"INFO","category":"system","module":"logger","function":"log","line":138,"message":"应用启动完成"}
{"timestamp":"2025-07-10T23:13:50.199971","level":"INFO","category":"system","module":"logger","function":"log","line":138,"message":"应用启动完成"}
{"timestamp":"2025-07-10T23:14:06.093282","level":"INFO","category":"system","module":"logger","function":"log","line":138,"message":"正在停止定时任务..."}
{"timestamp":"2025-07-10T23:14:06.094098","level":"INFO","category":"system","module":"logger","function":"log","line":138,"message":"正在停止定时任务..."}
{"timestamp":"2025-07-10T23:14:06.096205","level":"INFO","category":"system","module":"logger","function":"log","line":138,"message":"应用正在关闭..."}
{"timestamp":"2025-07-10T23:14:06.096236","level":"INFO","category":"system","module":"logger","function":"log","line":138,"message":"应用正在关闭..."}
{"timestamp":"2025-07-10T23:14:16.812138","level":"INFO","category":"system","module":"logger","function":"log","line":138,"message":"正在初始化数据库..."}
{"timestamp":"2025-07-10T23:14:16.812139","level":"INFO","category":"system","module":"logger","function":"log","line":138,"message":"正在初始化数据库..."}
{"timestamp":"2025-07-10T23:14:16.823383","level":"INFO","category":"system","module":"logger","function":"log","line":138,"message":"正在启动可扩展定时任务..."}
{"timestamp":"2025-07-10T23:14:16.823380","level":"INFO","category":"system","module":"logger","function":"log","line":138,"message":"正在启动可扩展定时任务..."}
{"timestamp":"2025-07-10T23:14:16.828914","level":"INFO","category":"system","module":"logger","function":"log","line":138,"message":"应用启动完成"}
{"timestamp":"2025-07-10T23:14:16.828915","level":"INFO","category":"system","module":"logger","function":"log","line":138,"message":"应用启动完成"}
{"timestamp":"2025-07-10T23:24:19.619663","level":"INFO","category":"system","module":"logger","function":"log","line":138,"message":"正在停止定时任务..."}
{"timestamp":"2025-07-10T23:24:19.630227","level":"INFO","category":"system","module":"logger","function":"log","line":138,"message":"应用正在关闭..."}
{"timestamp":"2025-07-10T23:24:19.637616","level":"INFO","category":"system","module":"logger","function":"log","line":138,"message":"正在停止定时任务..."}
{"timestamp":"2025-07-10T23:24:19.639333","level":"INFO","category":"system","module":"logger","function":"log","line":138,"message":"应用正在关闭..."}
{"timestamp":"2025-07-10T23:24:22.703788","level":"INFO","category":"system","module":"logger","function":"log","line":138,"message":"正在初始化数据库..."}
{"timestamp":"2025-07-10T23:24:22.703976","level":"INFO","category":"system","module":"logger","function":"log","line":138,"message":"正在初始化数据库..."}
{"timestamp":"2025-07-10T23:24:22.714476","level":"INFO","category":"system","module":"logger","function":"log","line":138,"message":"正在启动可扩展定时任务..."}
{"timestamp":"2025-07-10T23:24:22.714493","level":"INFO","category":"system","module":"logger","function":"log","line":138,"message":"正在启动可扩展定时任务..."}
{"timestamp":"2025-07-10T23:24:22.720012","level":"INFO","category":"system","module":"logger","function":"log","line":138,"message":"应用启动完成"}
{"timestamp":"2025-07-10T23:24:22.720018","level":"INFO","category":"system","module":"logger","function":"log","line":138,"message":"应用启动完成"}
{"timestamp":"2025-07-10T23:27:36.543062","level":"INFO","category":"system","module":"logger","function":"log","line":138,"message":"正在停止定时任务..."}
{"timestamp":"2025-07-10T23:27:36.543640","level":"INFO","category":"system","module":"logger","function":"log","line":138,"message":"应用正在关闭..."}
{"timestamp":"2025-07-10T23:27:36.975810","level":"INFO","category":"system","module":"logger","function":"log","line":138,"message":"正在停止定时任务..."}
{"timestamp":"2025-07-10T23:27:36.976588","level":"INFO","category":"system","module":"logger","function":"log","line":138,"message":"应用正在关闭..."}
{"timestamp":"2025-07-10T23:28:30.938432","level":"INFO","category":"system","module":"logger","function":"log","line":138,"message":"正在初始化数据库..."}
{"timestamp":"2025-07-10T23:28:30.938425","level":"INFO","category":"system","module":"logger","function":"log","line":138,"message":"正在初始化数据库..."}
{"timestamp":"2025-07-10T23:28:30.952144","level":"INFO","category":"system","module":"logger","function":"log","line":138,"message":"正在启动可扩展定时任务..."}
{"timestamp":"2025-07-10T23:28:30.952189","level":"INFO","category":"system","module":"logger","function":"log","line":138,"message":"正在启动可扩展定时任务..."}
{"timestamp":"2025-07-10T23:28:30.960237","level":"INFO","category":"system","module":"logger","function":"log","line":138,"message":"应用启动完成"}
{"timestamp":"2025-07-10T23:28:30.960289","level":"INFO","category":"system","module":"logger","function":"log","line":138,"message":"应用启动完成"}
{"timestamp":"2025-07-11T00:14:43.258452","level":"INFO","category":"system","module":"logger","function":"log","line":138,"message":"正在停止定时任务..."}
{"timestamp":"2025-07-11T00:14:43.259616","level":"INFO","category":"system","module":"logger","function":"log","line":138,"message":"正在停止定时任务..."}
{"timestamp":"2025-07-11T00:14:43.262399","level":"INFO","category":"system","module":"logger","function":"log","line":138,"message":"应用正在关闭..."}
{"timestamp":"2025-07-11T00:14:43.263054","level":"INFO","category":"system","module":"logger","function":"log","line":138,"message":"应用正在关闭..."}
{"timestamp":"2025-07-11T00:14:51.727640","level":"INFO","category":"system","module":"logger","function":"log","line":138,"message":"正在初始化数据库..."}
{"timestamp":"2025-07-11T00:14:51.738239","level":"INFO","category":"system","module":"logger","function":"log","line":138,"message":"正在启动可扩展定时任务..."}
{"timestamp":"2025-07-11T00:14:51.743310","level":"INFO","category":"system","module":"logger","function":"log","line":138,"message":"应用启动完成"}
{"timestamp":"2025-07-11T00:18:17.010522","level":"INFO","category":"system","module":"logger","function":"log","line":138,"message":"正在停止定时任务..."}
{"timestamp":"2025-07-11T00:18:17.012612","level":"INFO","category":"system","module":"logger","function":"log","line":138,"message":"应用正在关闭..."}
{"timestamp":"2025-07-11T00:18:20.063162","level":"INFO","category":"system","module":"logger","function":"log","line":138,"message":"正在初始化数据库..."}
{"timestamp":"2025-07-11T00:18:20.073666","level":"INFO","category":"system","module":"logger","function":"log","line":138,"message":"正在启动可扩展定时任务..."}
{"timestamp":"2025-07-11T00:18:20.078943","level":"INFO","category":"system","module":"logger","function":"log","line":138,"message":"应用启动完成"}
{"timestamp":"2025-07-11T23:14:10.001494","level":"INFO","category":"system","module":"logger","function":"log","line":138,"message":"调用函数: wise_api_service.get_config","args_count":1,"first_arg":"<app.services.wise_api_service.WiseAPIService object at 0x117e58890>","start_time":1752246849.998587}
{"timestamp":"2025-07-11T23:14:10.003584","level":"INFO","category":"system","module":"logger","function":"log","line":138,"message":"函数执行成功: wise_api_service.get_config","args_count":1,"first_arg":"<app.services.wise_api_service.WiseAPIService object at 0x117e58890>","start_time":1752246849.998587,"execution_time":0.004977226257324219,"status":"success"}
{"timestamp":"2025-07-11T23:14:10.005795","level":"INFO","category":"system","module":"logger","function":"log","line":138,"message":"调用函数: wise_api_service.test_connection","args_count":1,"first_arg":"<app.services.wise_api_service.WiseAPIService object at 0x117e58890>","start_time":1752246850.0057821}
{"timestamp":"2025-07-11T23:14:10.173298","level":"INFO","category":"system","module":"logger","function":"log","line":138,"message":"调用函数: wise_api_service.get_config","args_count":1,"first_arg":"<app.services.wise_api_service.WiseAPIService object at 0x117e58890>","start_time":1752246850.173285}
{"timestamp":"2025-07-11T23:14:10.173350","level":"INFO","category":"system","module":"logger","function":"log","line":138,"message":"函数执行成功: wise_api_service.get_config","args_count":1,"first_arg":"<app.services.wise_api_service.WiseAPIService object at 0x117e58890>","start_time":1752246850.173285,"execution_time":6.008148193359375e-05,"status":"success"}
{"timestamp":"2025-07-11T23:14:10.180813","level":"INFO","category":"system","module":"logger","function":"log","line":138,"message":"调用函数: wise_api_service.get_config","args_count":1,"first_arg":"<app.services.wise_api_service.WiseAPIService object at 0x117e58890>","start_time":1752246850.180798}
{"timestamp":"2025-07-11T23:14:10.180875","level":"INFO","category":"system","module":"logger","function":"log","line":138,"message":"函数执行成功: wise_api_service.get_config","args_count":1,"first_arg":"<app.services.wise_api_service.WiseAPIService object at 0x117e58890>","start_time":1752246850.180798,"execution_time":7.176399230957031e-05,"status":"success"}
{"timestamp":"2025-07-11T23:14:10.182502","level":"INFO","category":"system","module":"logger","function":"log","line":138,"message":"调用函数: wise_api_service.get_config","args_count":1,"first_arg":"<app.services.wise_api_service.WiseAPIService object at 0x117e58890>","start_time":1752246850.18249}
{"timestamp":"2025-07-11T23:14:10.182557","level":"INFO","category":"system","module":"logger","function":"log","line":138,"message":"函数执行成功: wise_api_service.get_config","args_count":1,"first_arg":"<app.services.wise_api_service.WiseAPIService object at 0x117e58890>","start_time":1752246850.18249,"execution_time":6.29425048828125e-05,"status":"success"}
{"timestamp":"2025-07-11T23:14:11.747966","level":"INFO","category":"system","module":"logger","function":"log","line":138,"message":"函数执行成功: wise_api_service.test_connection","args_count":1,"first_arg":"<app.services.wise_api_service.WiseAPIService object at 0x117e58890>","start_time":1752246850.0057821,"execution_time":1.7421727180480957,"status":"success"}
{"timestamp":"2025-07-11T23:14:11.770292","level":"INFO","category":"system","module":"logger","function":"log","line":138,"message":"调用函数: wise_api_service.test_connection","args_count":1,"first_arg":"<app.services.wise_api_service.WiseAPIService object at 0x117e58890>","start_time":1752246851.770278}
{"timestamp":"2025-07-11T23:14:12.158533","level":"INFO","category":"system","module":"logger","function":"log","line":138,"message":"函数执行成功: wise_api_service.test_connection","args_count":1,"first_arg":"<app.services.wise_api_service.WiseAPIService object at 0x117e58890>","start_time":1752246851.770278,"execution_time":0.38823890686035156,"status":"success"}
{"timestamp":"2025-07-11T23:14:12.194298","level":"INFO","category":"system","module":"logger","function":"log","line":138,"message":"调用函数: wise_api_service.test_connection","args_count":1,"first_arg":"<app.services.wise_api_service.WiseAPIService object at 0x117e58890>","start_time":1752246852.19428}
{"timestamp":"2025-07-11T23:14:13.328819","level":"INFO","category":"system","module":"logger","function":"log","line":138,"message":"函数执行成功: wise_api_service.test_connection","args_count":1,"first_arg":"<app.services.wise_api_service.WiseAPIService object at 0x117e58890>","start_time":1752246852.19428,"execution_time":1.1345279216766357,"status":"success"}
{"timestamp":"2025-07-11T23:14:13.331713","level":"INFO","category":"system","module":"logger","function":"log","line":138,"message":"调用函数: wise_api_service.test_connection","args_count":1,"first_arg":"<app.services.wise_api_service.WiseAPIService object at 0x117e58890>","start_time":1752246853.331696}
{"timestamp":"2025-07-11T23:14:14.016467","level":"INFO","category":"system","module":"logger","function":"log","line":138,"message":"函数执行成功: wise_api_service.test_connection","args_count":1,"first_arg":"<app.services.wise_api_service.WiseAPIService object at 0x117e58890>","start_time":1752246853.331696,"execution_time":0.6847589015960693,"status":"success"}
{"timestamp":"2025-07-11T23:25:22.944664","level":"INFO","category":"system","module":"logger","function":"log","line":138,"message":"正在停止定时任务..."}
{"timestamp":"2025-07-11T23:25:22.945629","level":"INFO","category":"system","module":"logger","function":"log","line":138,"message":"应用正在关闭..."}
{"timestamp":"2025-07-11T23:25:39.990158","level":"INFO","category":"system","module":"logger","function":"log","line":138,"message":"正在初始化数据库..."}
{"timestamp":"2025-07-11T23:25:40.003369","level":"INFO","category":"system","module":"logger","function":"log","line":138,"message":"正在启动可扩展定时任务..."}
{"timestamp":"2025-07-11T23:25:40.010285","level":"INFO","category":"system","module":"logger","function":"log","line":138,"message":"应用启动完成"}
{"timestamp":"2025-07-11T23:27:10.229769","level":"INFO","category":"system","module":"logger","function":"log","line":138,"message":"正在停止定时任务..."}
{"timestamp":"2025-07-11T23:27:10.231657","level":"INFO","category":"system","module":"logger","function":"log","line":138,"message":"应用正在关闭..."}
{"timestamp":"2025-07-11T23:27:11.965978","level":"INFO","category":"system","module":"logger","function":"log","line":138,"message":"正在初始化数据库..."}
{"timestamp":"2025-07-11T23:27:11.978367","level":"INFO","category":"system","module":"logger","function":"log","line":138,"message":"正在启动可扩展定时任务..."}
{"timestamp":"2025-07-11T23:27:11.984187","level":"INFO","category":"system","module":"logger","function":"log","line":138,"message":"应用启动完成"}
{"timestamp":"2025-07-11T23:27:18.398493","level":"INFO","category":"system","module":"logger","function":"log","line":138,"message":"正在停止定时任务..."}
{"timestamp":"2025-07-11T23:27:18.400378","level":"INFO","category":"system","module":"logger","function":"log","line":138,"message":"应用正在关闭..."}
{"timestamp":"2025-07-11T23:27:19.972219","level":"INFO","category":"system","module":"logger","function":"log","line":138,"message":"正在初始化数据库..."}
{"timestamp":"2025-07-11T23:27:19.986282","level":"INFO","category":"system","module":"logger","function":"log","line":138,"message":"正在启动可扩展定时任务..."}
{"timestamp":"2025-07-11T23:27:19.992368","level":"INFO","category":"system","module":"logger","function":"log","line":138,"message":"应用启动完成"}
{"timestamp":"2025-07-11T23:27:24.262191","level":"INFO","category":"system","module":"logger","function":"log","line":138,"message":"正在停止定时任务..."}
{"timestamp":"2025-07-11T23:27:24.262918","level":"INFO","category":"system","module":"logger","function":"log","line":138,"message":"应用正在关闭..."}
{"timestamp":"2025-07-11T23:27:35.941803","level":"INFO","category":"system","module":"logger","function":"log","line":138,"message":"正在初始化数据库..."}
{"timestamp":"2025-07-11T23:27:35.954203","level":"INFO","category":"system","module":"logger","function":"log","line":138,"message":"正在启动可扩展定时任务..."}
{"timestamp":"2025-07-11T23:27:35.959489","level":"INFO","category":"system","module":"logger","function":"log","line":138,"message":"应用启动完成"}
{"timestamp":"2025-07-11T23:57:23.143421","level":"INFO","category":"system","module":"logger","function":"log","line":138,"message":"正在停止定时任务..."}
{"timestamp":"2025-07-11T23:57:23.144778","level":"INFO","category":"system","module":"logger","function":"log","line":138,"message":"应用正在关闭..."}
{"timestamp":"2025-07-11T23:57:26.125759","level":"INFO","category":"system","module":"logger","function":"log","line":138,"message":"正在初始化数据库..."}
{"timestamp":"2025-07-11T23:57:26.137822","level":"INFO","category":"system","module":"logger","function":"log","line":138,"message":"正在启动可扩展定时任务..."}
{"timestamp":"2025-07-11T23:57:26.143406","level":"INFO","category":"system","module":"logger","function":"log","line":138,"message":"应用启动完成"}
{"timestamp":"2025-07-12T00:44:51.511832","level":"INFO","category":"system","module":"logger","function":"log","line":138,"message":"正在停止定时任务..."}
{"timestamp":"2025-07-12T00:44:51.513749","level":"INFO","category":"system","module":"logger","function":"log","line":138,"message":"应用正在关闭..."}
{"timestamp":"2025-07-12T00:44:55.487737","level":"INFO","category":"system","module":"logger","function":"log","line":138,"message":"正在初始化数据库..."}
{"timestamp":"2025-07-12T00:44:55.499443","level":"INFO","category":"system","module":"logger","function":"log","line":138,"message":"正在启动可扩展定时任务..."}
{"timestamp":"2025-07-12T00:44:55.504589","level":"INFO","category":"system","module":"logger","function":"log","line":138,"message":"应用启动完成"}
{"timestamp":"2025-07-12T00:48:08.124523","level":"INFO","category":"system","module":"logger","function":"log","line":138,"message":"正在停止定时任务..."}
{"timestamp":"2025-07-12T00:48:08.127964","level":"INFO","category":"system","module":"logger","function":"log","line":138,"message":"应用正在关闭..."}
{"timestamp":"2025-07-12T00:48:11.044142","level":"INFO","category":"system","module":"logger","function":"log","line":138,"message":"正在初始化数据库..."}
{"timestamp":"2025-07-12T00:48:11.057485","level":"INFO","category":"system","module":"logger","function":"log","line":138,"message":"正在启动可扩展定时任务..."}
{"timestamp":"2025-07-12T00:48:11.062876","level":"INFO","category":"system","module":"logger","function":"log","line":138,"message":"应用启动完成"}
{"timestamp":"2025-07-12T00:53:36.916698","level":"INFO","category":"system","module":"logger","function":"log","line":138,"message":"正在停止定时任务..."}
{"timestamp":"2025-07-12T00:53:36.919174","level":"INFO","category":"system","module":"logger","function":"log","line":138,"message":"应用正在关闭..."}
{"timestamp":"2025-07-12T00:53:39.112487","level":"INFO","category":"system","module":"logger","function":"log","line":138,"message":"正在初始化数据库..."}
{"timestamp":"2025-07-12T00:53:39.124574","level":"INFO","category":"system","module":"logger","function":"log","line":138,"message":"正在启动可扩展定时任务..."}
{"timestamp":"2025-07-12T00:53:39.129910","level":"INFO","category":"system","module":"logger","function":"log","line":138,"message":"应用启动完成"}
{"timestamp":"2025-07-12T00:55:42.746631","level":"INFO","category":"system","module":"logger","function":"log","line":138,"message":"正在停止定时任务..."}
{"timestamp":"2025-07-12T00:55:42.748647","level":"INFO","category":"system","module":"logger","function":"log","line":138,"message":"应用正在关闭..."}
{"timestamp":"2025-07-12T00:55:44.364488","level":"INFO","category":"system","module":"logger","function":"log","line":138,"message":"正在初始化数据库..."}
{"timestamp":"2025-07-12T00:55:44.376320","level":"INFO","category":"system","module":"logger","function":"log","line":138,"message":"正在启动可扩展定时任务..."}
{"timestamp":"2025-07-12T00:55:44.382553","level":"INFO","category":"system","module":"logger","function":"log","line":138,"message":"应用启动完成"}
{"timestamp":"2025-07-12T01:02:00.351650","level":"INFO","category":"system","module":"logger","function":"log","line":138,"message":"正在停止定时任务..."}
{"timestamp":"2025-07-12T01:02:00.365211","level":"INFO","category":"system","module":"logger","function":"log","line":138,"message":"应用正在关闭..."}
{"timestamp":"2025-07-12T01:02:03.448576","level":"INFO","category":"system","module":"logger","function":"log","line":138,"message":"正在初始化数据库..."}
{"timestamp":"2025-07-12T01:02:03.459836","level":"INFO","category":"system","module":"logger","function":"log","line":138,"message":"正在启动可扩展定时任务..."}
{"timestamp":"2025-07-12T01:02:03.465715","level":"INFO","category":"system","module":"logger","function":"log","line":138,"message":"应用启动完成"}
{"timestamp":"2025-07-12T01:09:07.584857","level":"INFO","category":"system","module":"logger","function":"log","line":138,"message":"正在停止定时任务..."}
{"timestamp":"2025-07-12T01:09:07.586584","level":"INFO","category":"system","module":"logger","function":"log","line":138,"message":"应用正在关闭..."}
{"timestamp":"2025-07-12T01:09:09.302622","level":"INFO","category":"system","module":"logger","function":"log","line":138,"message":"正在初始化数据库..."}
{"timestamp":"2025-07-12T01:09:09.316834","level":"INFO","category":"system","module":"logger","function":"log","line":138,"message":"正在启动可扩展定时任务..."}
{"timestamp":"2025-07-12T01:09:09.324133","level":"INFO","category":"system","module":"logger","function":"log","line":138,"message":"应用启动完成"}
{"timestamp":"2025-07-12T01:10:02.205875","level":"INFO","category":"system","module":"logger","function":"log","line":138,"message":"正在停止定时任务..."}
{"timestamp":"2025-07-12T01:10:02.208229","level":"INFO","category":"system","module":"logger","function":"log","line":138,"message":"应用正在关闭..."}
{"timestamp":"2025-07-12T22:52:14.363740","level":"INFO","category":"system","module":"logger","function":"log","line":138,"message":"正在初始化数据库..."}
{"timestamp":"2025-07-12T22:52:14.379122","level":"INFO","category":"system","module":"logger","function":"log","line":138,"message":"正在启动可扩展定时任务..."}
{"timestamp":"2025-07-12T22:52:14.385724","level":"INFO","category":"system","module":"logger","function":"log","line":138,"message":"应用启动完成"}
{"timestamp":"2025-07-12T23:13:06.573312","level":"INFO","category":"system","module":"logger","function":"log","line":138,"message":"调用函数: okx_api_service.get_config","args_count":1,"first_arg":"<app.services.okx_api_service.OKXAPIService object at 0x1424cc8d0>","start_time":1752333186.573282}
{"timestamp":"2025-07-12T23:13:06.573587","level":"INFO","category":"system","module":"logger","function":"log","line":138,"message":"函数执行成功: okx_api_service.get_config","args_count":1,"first_arg":"<app.services.okx_api_service.OKXAPIService object at 0x1424cc8d0>","start_time":1752333186.573282,"execution_time":0.0002930164337158203,"status":"success"}
{"timestamp":"2025-07-12T23:13:06.574454","level":"INFO","category":"system","module":"logger","function":"log","line":138,"message":"调用函数: okx_api_service.test_connection","args_count":1,"first_arg":"<app.services.okx_api_service.OKXAPIService object at 0x1424ce550>","start_time":1752333186.574434}
{"timestamp":"2025-07-12T23:13:06.615872","level":"INFO","category":"system","module":"logger","function":"log","line":138,"message":"调用函数: okx_api_service.get_config","args_count":1,"first_arg":"<app.services.okx_api_service.OKXAPIService object at 0x1424c4950>","start_time":1752333186.615859}
{"timestamp":"2025-07-12T23:13:06.615913","level":"INFO","category":"system","module":"logger","function":"log","line":138,"message":"函数执行成功: okx_api_service.get_config","args_count":1,"first_arg":"<app.services.okx_api_service.OKXAPIService object at 0x1424c4950>","start_time":1752333186.615859,"execution_time":5.0067901611328125e-05,"status":"success"}
{"timestamp":"2025-07-12T23:13:07.074393","level":"INFO","category":"system","module":"logger","function":"log","line":138,"message":"函数执行成功: okx_api_service.test_connection","args_count":1,"first_arg":"<app.services.okx_api_service.OKXAPIService object at 0x1424ce550>","start_time":1752333186.574434,"execution_time":0.4999418258666992,"status":"success"}
{"timestamp":"2025-07-12T23:13:07.077310","level":"INFO","category":"system","module":"logger","function":"log","line":138,"message":"调用函数: okx_api_service.test_connection","args_count":1,"first_arg":"<app.services.okx_api_service.OKXAPIService object at 0x1420b4350>","start_time":1752333187.077279}
{"timestamp":"2025-07-12T23:13:07.506090","level":"INFO","category":"system","module":"logger","function":"log","line":138,"message":"函数执行成功: okx_api_service.test_connection","args_count":1,"first_arg":"<app.services.okx_api_service.OKXAPIService object at 0x1420b4350>","start_time":1752333187.077279,"execution_time":0.4287858009338379,"status":"success"}
{"timestamp":"2025-07-12T23:13:22.081483","level":"INFO","category":"system","module":"logger","function":"log","line":138,"message":"调用函数: wise_api_service.get_config","args_count":1,"first_arg":"<app.services.wise_api_service.WiseAPIService object at 0x14137bc50>","start_time":1752333202.081438}
{"timestamp":"2025-07-12T23:13:22.081965","level":"INFO","category":"system","module":"logger","function":"log","line":138,"message":"函数执行成功: wise_api_service.get_config","args_count":1,"first_arg":"<app.services.wise_api_service.WiseAPIService object at 0x14137bc50>","start_time":1752333202.081438,"execution_time":0.0005087852478027344,"status":"success"}
{"timestamp":"2025-07-12T23:13:22.083287","level":"INFO","category":"system","module":"logger","function":"log","line":138,"message":"调用函数: wise_api_service.test_connection","args_count":1,"first_arg":"<app.services.wise_api_service.WiseAPIService object at 0x14137bc50>","start_time":1752333202.083262}
{"timestamp":"2025-07-12T23:13:22.193717","level":"INFO","category":"system","module":"logger","function":"log","line":138,"message":"调用函数: wise_api_service.get_config","args_count":1,"first_arg":"<app.services.wise_api_service.WiseAPIService object at 0x14137bc50>","start_time":1752333202.1937048}
{"timestamp":"2025-07-12T23:13:22.193763","level":"INFO","category":"system","module":"logger","function":"log","line":138,"message":"函数执行成功: wise_api_service.get_config","args_count":1,"first_arg":"<app.services.wise_api_service.WiseAPIService object at 0x14137bc50>","start_time":1752333202.1937048,"execution_time":5.412101745605469e-05,"status":"success"}
{"timestamp":"2025-07-12T23:13:22.196243","level":"INFO","category":"system","module":"logger","function":"log","line":138,"message":"调用函数: wise_api_service.get_config","args_count":1,"first_arg":"<app.services.wise_api_service.WiseAPIService object at 0x14137bc50>","start_time":1752333202.196219}
{"timestamp":"2025-07-12T23:13:22.196358","level":"INFO","category":"system","module":"logger","function":"log","line":138,"message":"函数执行成功: wise_api_service.get_config","args_count":1,"first_arg":"<app.services.wise_api_service.WiseAPIService object at 0x14137bc50>","start_time":1752333202.196219,"execution_time":0.00013518333435058594,"status":"success"}
{"timestamp":"2025-07-12T23:13:22.197577","level":"INFO","category":"system","module":"logger","function":"log","line":138,"message":"调用函数: wise_api_service.get_config","args_count":1,"first_arg":"<app.services.wise_api_service.WiseAPIService object at 0x14137bc50>","start_time":1752333202.197566}
{"timestamp":"2025-07-12T23:13:22.197620","level":"INFO","category":"system","module":"logger","function":"log","line":138,"message":"函数执行成功: wise_api_service.get_config","args_count":1,"first_arg":"<app.services.wise_api_service.WiseAPIService object at 0x14137bc50>","start_time":1752333202.197566,"execution_time":5.0067901611328125e-05,"status":"success"}
{"timestamp":"2025-07-12T23:13:23.650981","level":"INFO","category":"system","module":"logger","function":"log","line":138,"message":"函数执行成功: wise_api_service.test_connection","args_count":1,"first_arg":"<app.services.wise_api_service.WiseAPIService object at 0x14137bc50>","start_time":1752333202.083262,"execution_time":1.567702054977417,"status":"success"}
{"timestamp":"2025-07-12T23:13:23.654812","level":"INFO","category":"system","module":"logger","function":"log","line":138,"message":"调用函数: wise_api_service.test_connection","args_count":1,"first_arg":"<app.services.wise_api_service.WiseAPIService object at 0x14137bc50>","start_time":1752333203.654764}
{"timestamp":"2025-07-12T23:13:24.657529","level":"INFO","category":"system","module":"logger","function":"log","line":138,"message":"函数执行成功: wise_api_service.test_connection","args_count":1,"first_arg":"<app.services.wise_api_service.WiseAPIService object at 0x14137bc50>","start_time":1752333203.654764,"execution_time":1.002748966217041,"status":"success"}
{"timestamp":"2025-07-12T23:13:24.659955","level":"INFO","category":"system","module":"logger","function":"log","line":138,"message":"调用函数: wise_api_service.test_connection","args_count":1,"first_arg":"<app.services.wise_api_service.WiseAPIService object at 0x14137bc50>","start_time":1752333204.659928}
{"timestamp":"2025-07-12T23:13:25.650984","level":"INFO","category":"system","module":"logger","function":"log","line":138,"message":"函数执行成功: wise_api_service.test_connection","args_count":1,"first_arg":"<app.services.wise_api_service.WiseAPIService object at 0x14137bc50>","start_time":1752333204.659928,"execution_time":0.9910018444061279,"status":"success"}
{"timestamp":"2025-07-12T23:13:25.653097","level":"INFO","category":"system","module":"logger","function":"log","line":138,"message":"调用函数: wise_api_service.test_connection","args_count":1,"first_arg":"<app.services.wise_api_service.WiseAPIService object at 0x14137bc50>","start_time":1752333205.653064}
{"timestamp":"2025-07-12T23:13:26.597653","level":"INFO","category":"system","module":"logger","function":"log","line":138,"message":"函数执行成功: wise_api_service.test_connection","args_count":1,"first_arg":"<app.services.wise_api_service.WiseAPIService object at 0x14137bc50>","start_time":1752333205.653064,"execution_time":0.9445550441741943,"status":"success"}
{"timestamp":"2025-07-12T23:13:30.346392","level":"INFO","category":"system","module":"logger","function":"log","line":138,"message":"调用函数: ibkr_api_service.get_config","args_count":1,"first_arg":"<app.services.ibkr_api_service.IBKRAPIService object at 0x1413fe610>","start_time":1752333210.346379}
{"timestamp":"2025-07-12T23:13:30.346617","level":"INFO","category":"system","module":"logger","function":"log","line":138,"message":"函数执行成功: ibkr_api_service.get_config","args_count":1,"first_arg":"<app.services.ibkr_api_service.IBKRAPIService object at 0x1413fe610>","start_time":1752333210.346379,"execution_time":0.00021195411682128906,"status":"success","result":{"api_configured":true,"api_key_prefix":"ibkr_sync_...","allowed_ips":["34.60.247.187","127.0.0.1"],"sync_timeout":30,"enable_ip_whitelist":false,"enable_request_logging":true}}
{"timestamp":"2025-07-12T23:13:30.360404","level":"INFO","category":"system","module":"logger","function":"log","line":138,"message":"调用函数: ibkr_api_service.get_config","args_count":1,"first_arg":"<app.services.ibkr_api_service.IBKRAPIService object at 0x1413fe610>","start_time":1752333210.360391}
{"timestamp":"2025-07-12T23:13:30.360476","level":"INFO","category":"system","module":"logger","function":"log","line":138,"message":"函数执行成功: ibkr_api_service.get_config","args_count":1,"first_arg":"<app.services.ibkr_api_service.IBKRAPIService object at 0x1413fe610>","start_time":1752333210.360391,"execution_time":6.389617919921875e-05,"status":"success","result":{"api_configured":true,"api_key_prefix":"ibkr_sync_...","allowed_ips":["34.60.247.187","127.0.0.1"],"sync_timeout":30,"enable_ip_whitelist":false,"enable_request_logging":true}}
{"timestamp":"2025-07-12T23:13:30.362153","level":"INFO","category":"system","module":"logger","function":"log","line":138,"message":"调用函数: ibkr_api_service.test_connection","args_count":1,"first_arg":"<app.services.ibkr_api_service.IBKRAPIService object at 0x1413fe610>","start_time":1752333210.362141}
{"timestamp":"2025-07-12T23:13:30.362527","level":"INFO","category":"system","module":"logger","function":"log","line":138,"message":"函数执行成功: ibkr_api_service.test_connection","args_count":1,"first_arg":"<app.services.ibkr_api_service.IBKRAPIService object at 0x1413fe610>","start_time":1752333210.362141,"execution_time":0.00036716461181640625,"status":"success","result":{"config_valid":true,"database_ok":true,"database_error":null,"timestamp":1752333210.362506}}
{"timestamp":"2025-07-12T23:13:30.372855","level":"INFO","category":"system","module":"logger","function":"log","line":138,"message":"调用函数: ibkr_api_service.test_connection","args_count":1,"first_arg":"<app.services.ibkr_api_service.IBKRAPIService object at 0x1413fe610>","start_time":1752333210.372841}
{"timestamp":"2025-07-12T23:13:30.373292","level":"INFO","category":"system","module":"logger","function":"log","line":138,"message":"函数执行成功: ibkr_api_service.test_connection","args_count":1,"first_arg":"<app.services.ibkr_api_service.IBKRAPIService object at 0x1413fe610>","start_time":1752333210.372841,"execution_time":0.0004260540008544922,"status":"success","result":{"config_valid":true,"database_ok":true,"database_error":null,"timestamp":1752333210.3732648}}
{"timestamp":"2025-07-12T23:19:31.013951","level":"INFO","category":"system","module":"logger","function":"log","line":138,"message":"正在停止定时任务..."}
{"timestamp":"2025-07-12T23:19:31.015763","level":"INFO","category":"system","module":"logger","function":"log","line":138,"message":"应用正在关闭..."}
{"timestamp":"2025-07-12T23:19:32.593095","level":"INFO","category":"system","module":"logger","function":"log","line":138,"message":"正在初始化数据库..."}
{"timestamp":"2025-07-12T23:19:32.604024","level":"INFO","category":"system","module":"logger","function":"log","line":138,"message":"正在启动可扩展定时任务..."}
{"timestamp":"2025-07-12T23:22:11.009376","level":"INFO","category":"system","module":"logger","function":"log","line":138,"message":"正在初始化数据库..."}
{"timestamp":"2025-07-12T23:22:11.020776","level":"INFO","category":"system","module":"logger","function":"log","line":138,"message":"正在启动可扩展定时任务..."}
{"timestamp":"2025-07-12T23:22:11.025692","level":"INFO","category":"system","module":"logger","function":"log","line":138,"message":"应用启动完成"}
{"timestamp":"2025-07-12T23:25:43.395898","level":"INFO","category":"system","module":"logger","function":"log","line":138,"message":"正在停止定时任务..."}
{"timestamp":"2025-07-12T23:25:43.401771","level":"INFO","category":"system","module":"logger","function":"log","line":138,"message":"应用正在关闭..."}
{"timestamp":"2025-07-12T23:25:45.506051","level":"INFO","category":"system","module":"logger","function":"log","line":138,"message":"正在初始化数据库..."}
{"timestamp":"2025-07-12T23:25:45.521041","level":"INFO","category":"system","module":"logger","function":"log","line":138,"message":"正在启动可扩展定时任务..."}
{"timestamp":"2025-07-12T23:25:45.527418","level":"INFO","category":"system","module":"logger","function":"log","line":138,"message":"应用启动完成"}
{"timestamp":"2025-07-13T23:18:27.459623","level":"INFO","category":"system","module":"logger","function":"log","line":138,"message":"正在停止定时任务..."}
{"timestamp":"2025-07-13T23:18:27.464214","level":"INFO","category":"system","module":"logger","function":"log","line":138,"message":"应用正在关闭..."}
{"timestamp":"2025-07-13T23:18:29.509110","level":"INFO","category":"system","module":"logger","function":"log","line":138,"message":"正在初始化数据库..."}
{"timestamp":"2025-07-13T23:18:29.522744","level":"INFO","category":"system","module":"logger","function":"log","line":138,"message":"正在启动可扩展定时任务..."}
{"timestamp":"2025-07-13T23:18:29.530470","level":"INFO","category":"system","module":"logger","function":"log","line":138,"message":"应用启动完成"}
{"timestamp":"2025-07-13T23:18:34.503729","level":"INFO","category":"system","module":"logger","function":"log","line":138,"message":"正在停止定时任务..."}
{"timestamp":"2025-07-13T23:18:34.508878","level":"INFO","category":"system","module":"logger","function":"log","line":138,"message":"应用正在关闭..."}
{"timestamp":"2025-07-13T23:18:35.969738","level":"INFO","category":"system","module":"logger","function":"log","line":138,"message":"正在初始化数据库..."}
{"timestamp":"2025-07-13T23:18:35.980003","level":"INFO","category":"system","module":"logger","function":"log","line":138,"message":"正在启动可扩展定时任务..."}
{"timestamp":"2025-07-13T23:18:35.984745","level":"INFO","category":"system","module":"logger","function":"log","line":138,"message":"应用启动完成"}
{"timestamp":"2025-07-13T23:18:43.694010","level":"INFO","category":"system","module":"logger","function":"log","line":138,"message":"正在停止定时任务..."}
{"timestamp":"2025-07-13T23:18:43.694571","level":"INFO","category":"system","module":"logger","function":"log","line":138,"message":"应用正在关闭..."}
{"timestamp":"2025-07-13T23:18:45.181936","level":"INFO","category":"system","module":"logger","function":"log","line":138,"message":"正在初始化数据库..."}
{"timestamp":"2025-07-13T23:18:45.192830","level":"INFO","category":"system","module":"logger","function":"log","line":138,"message":"正在启动可扩展定时任务..."}
{"timestamp":"2025-07-13T23:18:45.197450","level":"INFO","category":"system","module":"logger","function":"log","line":138,"message":"应用启动完成"}
{"timestamp":"2025-07-13T23:18:50.765042","level":"INFO","category":"system","module":"logger","function":"log","line":138,"message":"正在停止定时任务..."}
{"timestamp":"2025-07-13T23:18:50.766263","level":"INFO","category":"system","module":"logger","function":"log","line":138,"message":"应用正在关闭..."}
{"timestamp":"2025-07-13T23:18:52.488602","level":"INFO","category":"system","module":"logger","function":"log","line":138,"message":"正在初始化数据库..."}
{"timestamp":"2025-07-13T23:18:52.503492","level":"INFO","category":"system","module":"logger","function":"log","line":138,"message":"正在启动可扩展定时任务..."}
{"timestamp":"2025-07-13T23:18:52.508216","level":"INFO","category":"system","module":"logger","function":"log","line":138,"message":"应用启动完成"}
{"timestamp":"2025-07-13T23:19:00.451698","level":"INFO","category":"system","module":"logger","function":"log","line":138,"message":"正在停止定时任务..."}
{"timestamp":"2025-07-13T23:19:00.464677","level":"INFO","category":"system","module":"logger","function":"log","line":138,"message":"应用正在关闭..."}
{"timestamp":"2025-07-13T23:19:02.232642","level":"INFO","category":"system","module":"logger","function":"log","line":138,"message":"正在初始化数据库..."}
{"timestamp":"2025-07-13T23:19:02.243259","level":"INFO","category":"system","module":"logger","function":"log","line":138,"message":"正在启动可扩展定时任务..."}
{"timestamp":"2025-07-13T23:19:02.248114","level":"INFO","category":"system","module":"logger","function":"log","line":138,"message":"应用启动完成"}
{"timestamp":"2025-07-13T23:19:11.191126","level":"INFO","category":"system","module":"logger","function":"log","line":138,"message":"正在停止定时任务..."}
{"timestamp":"2025-07-13T23:19:11.192215","level":"INFO","category":"system","module":"logger","function":"log","line":138,"message":"应用正在关闭..."}
{"timestamp":"2025-07-13T23:19:12.937906","level":"INFO","category":"system","module":"logger","function":"log","line":138,"message":"正在初始化数据库..."}
{"timestamp":"2025-07-13T23:19:12.949362","level":"INFO","category":"system","module":"logger","function":"log","line":138,"message":"正在启动可扩展定时任务..."}
{"timestamp":"2025-07-13T23:19:12.955378","level":"INFO","category":"system","module":"logger","function":"log","line":138,"message":"应用启动完成"}
{"timestamp":"2025-07-13T23:19:16.903459","level":"INFO","category":"system","module":"logger","function":"log","line":138,"message":"正在停止定时任务..."}
{"timestamp":"2025-07-13T23:19:16.904321","level":"INFO","category":"system","module":"logger","function":"log","line":138,"message":"应用正在关闭..."}
{"timestamp":"2025-07-13T23:19:18.358202","level":"INFO","category":"system","module":"logger","function":"log","line":138,"message":"正在初始化数据库..."}
{"timestamp":"2025-07-13T23:19:18.368523","level":"INFO","category":"system","module":"logger","function":"log","line":138,"message":"正在启动可扩展定时任务..."}
{"timestamp":"2025-07-13T23:19:18.373458","level":"INFO","category":"system","module":"logger","function":"log","line":138,"message":"应用启动完成"}
{"timestamp":"2025-07-13T23:19:40.048052","level":"INFO","category":"system","module":"logger","function":"log","line":138,"message":"正在停止定时任务..."}
{"timestamp":"2025-07-13T23:19:40.049076","level":"INFO","category":"system","module":"logger","function":"log","line":138,"message":"应用正在关闭..."}
{"timestamp":"2025-07-13T23:19:41.536059","level":"INFO","category":"system","module":"logger","function":"log","line":138,"message":"正在初始化数据库..."}
{"timestamp":"2025-07-13T23:19:41.547965","level":"INFO","category":"system","module":"logger","function":"log","line":138,"message":"正在启动可扩展定时任务..."}
{"timestamp":"2025-07-13T23:19:41.552509","level":"INFO","category":"system","module":"logger","function":"log","line":138,"message":"应用启动完成"}
{"timestamp":"2025-07-13T23:36:16.757754","level":"INFO","category":"system","module":"logger","function":"log","line":138,"message":"调用函数: paypal_api_service.get_config","args_count":1,"first_arg":"<app.services.paypal_api_service.PayPalAPIService object at 0x1500c0c10>","start_time":1752420976.757699}
{"timestamp":"2025-07-13T23:36:16.758333","level":"INFO","category":"system","module":"logger","function":"log","line":138,"message":"函数执行成功: paypal_api_service.get_config","args_count":1,"first_arg":"<app.services.paypal_api_service.PayPalAPIService object at 0x1500c0c10>","start_time":1752420976.757699,"execution_time":0.0006201267242431641,"status":"success"}
{"timestamp":"2025-07-13T23:36:16.759546","level":"INFO","category":"system","module":"logger","function":"log","line":138,"message":"调用函数: paypal_api_service.test_connection","args_count":1,"first_arg":"<app.services.paypal_api_service.PayPalAPIService object at 0x1500c0c10>","start_time":1752420976.759517}
{"timestamp":"2025-07-13T23:36:16.828828","level":"INFO","category":"system","module":"logger","function":"log","line":138,"message":"调用函数: paypal_api_service.get_config","args_count":1,"first_arg":"<app.services.paypal_api_service.PayPalAPIService object at 0x1500c0c10>","start_time":1752420976.828806}
{"timestamp":"2025-07-13T23:36:16.829010","level":"INFO","category":"system","module":"logger","function":"log","line":138,"message":"函数执行成功: paypal_api_service.get_config","args_count":1,"first_arg":"<app.services.paypal_api_service.PayPalAPIService object at 0x1500c0c10>","start_time":1752420976.828806,"execution_time":0.0001971721649169922,"status":"success"}
{"timestamp":"2025-07-13T23:36:16.838443","level":"INFO","category":"system","module":"logger","function":"log","line":138,"message":"调用函数: paypal_api_service.get_config","args_count":1,"first_arg":"<app.services.paypal_api_service.PayPalAPIService object at 0x1500c0c10>","start_time":1752420976.838431}
{"timestamp":"2025-07-13T23:36:16.838481","level":"INFO","category":"system","module":"logger","function":"log","line":138,"message":"函数执行成功: paypal_api_service.get_config","args_count":1,"first_arg":"<app.services.paypal_api_service.PayPalAPIService object at 0x1500c0c10>","start_time":1752420976.838431,"execution_time":4.6253204345703125e-05,"status":"success"}
{"timestamp":"2025-07-13T23:36:16.848103","level":"INFO","category":"system","module":"logger","function":"log","line":138,"message":"调用函数: paypal_api_service.get_config","args_count":1,"first_arg":"<app.services.paypal_api_service.PayPalAPIService object at 0x1500c0c10>","start_time":1752420976.848091}
{"timestamp":"2025-07-13T23:36:16.848157","level":"INFO","category":"system","module":"logger","function":"log","line":138,"message":"函数执行成功: paypal_api_service.get_config","args_count":1,"first_arg":"<app.services.paypal_api_service.PayPalAPIService object at 0x1500c0c10>","start_time":1752420976.848091,"execution_time":6.127357482910156e-05,"status":"success"}
{"timestamp":"2025-07-13T23:36:16.855100","level":"INFO","category":"system","module":"logger","function":"log","line":138,"message":"调用函数: paypal_api_service.get_config","args_count":1,"first_arg":"<app.services.paypal_api_service.PayPalAPIService object at 0x1500c0c10>","start_time":1752420976.8550851}
{"timestamp":"2025-07-13T23:36:16.855224","level":"INFO","category":"system","module":"logger","function":"log","line":138,"message":"函数执行成功: paypal_api_service.get_config","args_count":1,"first_arg":"<app.services.paypal_api_service.PayPalAPIService object at 0x1500c0c10>","start_time":1752420976.8550851,"execution_time":0.0001327991485595703,"status":"success"}
{"timestamp":"2025-07-13T23:36:16.857734","level":"INFO","category":"system","module":"logger","function":"log","line":138,"message":"调用函数: paypal_api_service.get_config","args_count":1,"first_arg":"<app.services.paypal_api_service.PayPalAPIService object at 0x1500c0c10>","start_time":1752420976.857724}
{"timestamp":"2025-07-13T23:36:16.857794","level":"INFO","category":"system","module":"logger","function":"log","line":138,"message":"函数执行成功: paypal_api_service.get_config","args_count":1,"first_arg":"<app.services.paypal_api_service.PayPalAPIService object at 0x1500c0c10>","start_time":1752420976.857724,"execution_time":6.604194641113281e-05,"status":"success"}
{"timestamp":"2025-07-13T23:36:17.597401","level":"INFO","category":"system","module":"logger","function":"log","line":138,"message":"函数执行成功: paypal_api_service.test_connection","args_count":1,"first_arg":"<app.services.paypal_api_service.PayPalAPIService object at 0x1500c0c10>","start_time":1752420976.759517,"execution_time":0.8378510475158691,"status":"success"}
{"timestamp":"2025-07-13T23:36:17.600620","level":"INFO","category":"system","module":"logger","function":"log","line":138,"message":"调用函数: paypal_api_service.test_connection","args_count":1,"first_arg":"<app.services.paypal_api_service.PayPalAPIService object at 0x1500c0c10>","start_time":1752420977.600599}
{"timestamp":"2025-07-13T23:36:18.466861","level":"INFO","category":"system","module":"logger","function":"log","line":138,"message":"函数执行成功: paypal_api_service.test_connection","args_count":1,"first_arg":"<app.services.paypal_api_service.PayPalAPIService object at 0x1500c0c10>","start_time":1752420977.600599,"execution_time":0.866218090057373,"status":"success"}
{"timestamp":"2025-07-13T23:36:18.470176","level":"INFO","category":"system","module":"logger","function":"log","line":138,"message":"调用函数: paypal_api_service.test_connection","args_count":1,"first_arg":"<app.services.paypal_api_service.PayPalAPIService object at 0x1500c0c10>","start_time":1752420978.470151}
{"timestamp":"2025-07-13T23:36:18.879134","level":"INFO","category":"system","module":"logger","function":"log","line":138,"message":"函数执行成功: paypal_api_service.test_connection","args_count":1,"first_arg":"<app.services.paypal_api_service.PayPalAPIService object at 0x1500c0c10>","start_time":1752420978.470151,"execution_time":0.4089169502258301,"status":"success"}
{"timestamp":"2025-07-13T23:36:18.882719","level":"INFO","category":"system","module":"logger","function":"log","line":138,"message":"调用函数: paypal_api_service.test_connection","args_count":1,"first_arg":"<app.services.paypal_api_service.PayPalAPIService object at 0x1500c0c10>","start_time":1752420978.8826969}
{"timestamp":"2025-07-13T23:36:19.596639","level":"INFO","category":"system","module":"logger","function":"log","line":138,"message":"调用函数: wise_api_service.get_config","args_count":1,"first_arg":"<app.services.wise_api_service.WiseAPIService object at 0x15007f410>","start_time":1752420979.596582}
{"timestamp":"2025-07-13T23:36:19.596839","level":"INFO","category":"system","module":"logger","function":"log","line":138,"message":"函数执行成功: wise_api_service.get_config","args_count":1,"first_arg":"<app.services.wise_api_service.WiseAPIService object at 0x15007f410>","start_time":1752420979.596582,"execution_time":0.0002448558807373047,"status":"success"}
{"timestamp":"2025-07-13T23:36:19.597493","level":"INFO","category":"system","module":"logger","function":"log","line":138,"message":"调用函数: wise_api_service.test_connection","args_count":1,"first_arg":"<app.services.wise_api_service.WiseAPIService object at 0x15007f410>","start_time":1752420979.597482}
{"timestamp":"2025-07-13T23:36:19.663981","level":"INFO","category":"system","module":"logger","function":"log","line":138,"message":"函数执行成功: paypal_api_service.test_connection","args_count":1,"first_arg":"<app.services.paypal_api_service.PayPalAPIService object at 0x1500c0c10>","start_time":1752420978.8826969,"execution_time":0.7812600135803223,"status":"success"}
{"timestamp":"2025-07-13T23:36:19.686931","level":"INFO","category":"system","module":"logger","function":"log","line":138,"message":"调用函数: wise_api_service.get_config","args_count":1,"first_arg":"<app.services.wise_api_service.WiseAPIService object at 0x15007f410>","start_time":1752420979.68692}
{"timestamp":"2025-07-13T23:36:19.687000","level":"INFO","category":"system","module":"logger","function":"log","line":138,"message":"函数执行成功: wise_api_service.get_config","args_count":1,"first_arg":"<app.services.wise_api_service.WiseAPIService object at 0x15007f410>","start_time":1752420979.68692,"execution_time":7.605552673339844e-05,"status":"success"}
{"timestamp":"2025-07-13T23:36:19.691420","level":"INFO","category":"system","module":"logger","function":"log","line":138,"message":"调用函数: paypal_api_service.test_connection","args_count":1,"first_arg":"<app.services.paypal_api_service.PayPalAPIService object at 0x1500c0c10>","start_time":1752420979.691384}
{"timestamp":"2025-07-13T23:36:20.389442","level":"INFO","category":"system","module":"logger","function":"log","line":138,"message":"调用函数: wise_api_service.get_config","args_count":1,"first_arg":"<app.services.wise_api_service.WiseAPIService object at 0x15007f410>","start_time":1752420980.389428}
{"timestamp":"2025-07-13T23:36:20.389497","level":"INFO","category":"system","module":"logger","function":"log","line":138,"message":"函数执行成功: wise_api_service.get_config","args_count":1,"first_arg":"<app.services.wise_api_service.WiseAPIService object at 0x15007f410>","start_time":1752420980.389428,"execution_time":6.413459777832031e-05,"status":"success"}
{"timestamp":"2025-07-13T23:36:20.442899","level":"INFO","category":"system","module":"logger","function":"log","line":138,"message":"函数执行成功: paypal_api_service.test_connection","args_count":1,"first_arg":"<app.services.paypal_api_service.PayPalAPIService object at 0x1500c0c10>","start_time":1752420979.691384,"execution_time":0.751500129699707,"status":"success"}
{"timestamp":"2025-07-13T23:36:20.444721","level":"INFO","category":"system","module":"logger","function":"log","line":138,"message":"调用函数: wise_api_service.get_config","args_count":1,"first_arg":"<app.services.wise_api_service.WiseAPIService object at 0x15007f410>","start_time":1752420980.444706}
{"timestamp":"2025-07-13T23:36:20.444950","level":"INFO","category":"system","module":"logger","function":"log","line":138,"message":"函数执行成功: wise_api_service.get_config","args_count":1,"first_arg":"<app.services.wise_api_service.WiseAPIService object at 0x15007f410>","start_time":1752420980.444706,"execution_time":0.0002319812774658203,"status":"success"}
{"timestamp":"2025-07-13T23:36:20.447005","level":"INFO","category":"system","module":"logger","function":"log","line":138,"message":"调用函数: paypal_api_service.test_connection","args_count":1,"first_arg":"<app.services.paypal_api_service.PayPalAPIService object at 0x1500c0c10>","start_time":1752420980.446988}
{"timestamp":"2025-07-13T23:36:21.050270","level":"INFO","category":"system","module":"logger","function":"log","line":138,"message":"函数执行成功: wise_api_service.test_connection","args_count":1,"first_arg":"<app.services.wise_api_service.WiseAPIService object at 0x15007f410>","start_time":1752420979.597482,"execution_time":1.4527781009674072,"status":"success"}
{"timestamp":"2025-07-13T23:36:21.053043","level":"INFO","category":"system","module":"logger","function":"log","line":138,"message":"调用函数: wise_api_service.test_connection","args_count":1,"first_arg":"<app.services.wise_api_service.WiseAPIService object at 0x15007f410>","start_time":1752420981.053018}
{"timestamp":"2025-07-13T23:36:21.106633","level":"INFO","category":"system","module":"logger","function":"log","line":138,"message":"函数执行成功: paypal_api_service.test_connection","args_count":1,"first_arg":"<app.services.paypal_api_service.PayPalAPIService object at 0x1500c0c10>","start_time":1752420980.446988,"execution_time":0.6596288681030273,"status":"success"}
{"timestamp":"2025-07-13T23:36:22.107105","level":"INFO","category":"system","module":"logger","function":"log","line":138,"message":"函数执行成功: wise_api_service.test_connection","args_count":1,"first_arg":"<app.services.wise_api_service.WiseAPIService object at 0x15007f410>","start_time":1752420981.053018,"execution_time":1.0540387630462646,"status":"success"}
{"timestamp":"2025-07-13T23:36:22.110353","level":"INFO","category":"system","module":"logger","function":"log","line":138,"message":"调用函数: wise_api_service.test_connection","args_count":1,"first_arg":"<app.services.wise_api_service.WiseAPIService object at 0x15007f410>","start_time":1752420982.110326}
{"timestamp":"2025-07-13T23:36:23.161453","level":"INFO","category":"system","module":"logger","function":"log","line":138,"message":"函数执行成功: wise_api_service.test_connection","args_count":1,"first_arg":"<app.services.wise_api_service.WiseAPIService object at 0x15007f410>","start_time":1752420982.110326,"execution_time":1.0511128902435303,"status":"success"}
{"timestamp":"2025-07-13T23:36:23.165462","level":"INFO","category":"system","module":"logger","function":"log","line":138,"message":"调用函数: wise_api_service.test_connection","args_count":1,"first_arg":"<app.services.wise_api_service.WiseAPIService object at 0x15007f410>","start_time":1752420983.165437}
{"timestamp":"2025-07-13T23:36:24.131595","level":"INFO","category":"system","module":"logger","function":"log","line":138,"message":"函数执行成功: wise_api_service.test_connection","args_count":1,"first_arg":"<app.services.wise_api_service.WiseAPIService object at 0x15007f410>","start_time":1752420983.165437,"execution_time":0.9661080837249756,"status":"success"}
